<?xml version="1.0" encoding="UTF-8"?>
<!-- Generated by org.testng.reporters.JUnitReportReporter -->
<testsuite hostname="Avins-MBP.fios-router.home" name="testrunner.LogOutTestRunner" tests="1" failures="0" timestamp="24 Jun 2018 17:14:35 GMT" time="10.350" errors="0">
  <testcase name="feature" time="10.350" classname="testrunner.LogOutTestRunner"/>
</testsuite> <!-- testrunner.LogOutTestRunner -->
