<?xml version="1.0" encoding="UTF-8"?>
<!-- Generated by org.testng.reporters.JUnitReportReporter -->
<testsuite hostname="Avins-MBP.fios-router.home" name="testrunner.AddItemTestNinjas" tests="1" failures="0" timestamp="24 Jun 2018 16:54:58 GMT" time="19.519" errors="0">
  <testcase name="feature" time="19.519" classname="testrunner.AddItemTestNinjas"/>
</testsuite> <!-- testrunner.AddItemTestNinjas -->
